{
  "RSpec": {
    "coverage": {
      "/home/lakshmipriya.p/Documents/Hospital-Management/app/controllers/application_controller.rb": {
        "lines": [
          1,
          null,
          1,
          null,
          null,
          null,
          null
        ]
      },
      "/home/lakshmipriya.p/Documents/Hospital-Management/app/helpers/application_helper.rb": {
        "lines": [
          null,
          null,
          1,
          1,
          0,
          0,
          null,
          0,
          0,
          0,
          0,
          0,
          null,
          null,
          0,
          0,
          null,
          0,
          null,
          null,
          null,
          null,
          null,
          0,
          null,
          null,
          0,
          null,
          null
        ]
      },
      "/home/lakshmipriya.p/Documents/Hospital-Management/app/helpers/api/v1/appointments_helper.rb": {
        "lines": [
          1,
          null
        ]
      },
      "/home/lakshmipriya.p/Documents/Hospital-Management/app/helpers/api/v1/doctors_helper.rb": {
        "lines": [
          1,
          null
        ]
      },
      "/home/lakshmipriya.p/Documents/Hospital-Management/app/helpers/api/v1/patients_helper.rb": {
        "lines": [
          1,
          null
        ]
      },
      "/home/lakshmipriya.p/Documents/Hospital-Management/app/helpers/surgeries_helper.rb": {
        "lines": [
          1,
          null
        ]
      },
      "/home/lakshmipriya.p/Documents/Hospital-Management/app/models/admin_user.rb": {
        "lines": [
          1,
          null,
          null,
          1,
          1,
          null,
          null,
          null
        ]
      },
      "/home/lakshmipriya.p/Documents/Hospital-Management/app/models/application_record.rb": {
        "lines": [
          1,
          1,
          null
        ]
      },
      "/home/lakshmipriya.p/Documents/Hospital-Management/app/models/concerns/ransackable.rb": {
        "lines": [
          1,
          1,
          null,
          1,
          1,
          0,
          0,
          null,
          null,
          1,
          0,
          0,
          null,
          null,
          null
        ]
      },
      "/home/lakshmipriya.p/Documents/Hospital-Management/app/admin/admin_users.rb": {
        "lines": [
          1,
          1,
          null,
          1,
          0,
          0,
          0,
          0,
          0,
          0,
          0,
          null,
          null,
          1,
          1,
          1,
          1,
          null,
          1,
          0,
          0,
          0,
          0,
          null,
          0,
          null,
          null,
          null
        ]
      },
      "/home/lakshmipriya.p/Documents/Hospital-Management/app/admin/appointments.rb": {
        "lines": [
          1,
          null,
          1,
          1,
          null,
          1,
          1,
          1,
          null,
          1,
          0,
          0,
          0,
          0,
          null,
          0,
          0,
          0,
          null,
          0,
          0,
          null,
          0,
          0,
          null,
          null,
          null
        ]
      },
      "/home/lakshmipriya.p/Documents/Hospital-Management/app/models/appointment.rb": {
        "lines": [
          1,
          1,
          1,
          null,
          null,
          null,
          null,
          null,
          null,
          2,
          2,
          null,
          1,
          1,
          1,
          null,
          1,
          1,
          null,
          1,
          1,
          null,
          1,
          null,
          null,
          1,
          null,
          1,
          142,
          9,
          133,
          5,
          null,
          null,
          null,
          1,
          5,
          null,
          null,
          null,
          null,
          null,
          null,
          5,
          null,
          null,
          1,
          7,
          6,
          null,
          1,
          null,
          null,
          null
        ]
      },
      "/home/lakshmipriya.p/Documents/Hospital-Management/app/admin/dashboard.rb": {
        "lines": [
          1,
          null,
          1,
          null,
          1,
          0,
          0,
          0,
          0,
          null,
          null,
          null,
          null,
          null,
          null,
          null,
          null,
          null,
          null,
          null,
          null,
          null,
          null,
          null,
          null,
          null,
          null,
          null,
          null,
          null,
          null,
          null,
          null
        ]
      },
      "/home/lakshmipriya.p/Documents/Hospital-Management/app/admin/doctors.rb": {
        "lines": [
          1,
          null,
          1,
          1,
          1,
          null,
          1,
          1,
          1,
          1,
          1,
          1,
          null,
          1,
          0,
          0,
          0,
          0,
          0,
          0,
          0,
          0,
          null,
          0,
          0,
          0,
          null,
          0,
          null,
          null,
          0,
          0,
          null,
          0,
          0,
          null,
          null,
          1,
          0,
          null,
          null,
          1,
          0,
          0,
          0,
          0,
          0,
          0,
          0,
          0,
          null,
          null,
          0,
          null,
          null,
          null,
          null,
          null
        ]
      },
      "/home/lakshmipriya.p/Documents/Hospital-Management/app/models/doctor.rb": {
        "lines": [
          1,
          1,
          1,
          1,
          1,
          1,
          1,
          1,
          1,
          1,
          1,
          null,
          1,
          null,
          1,
          1,
          null,
          null,
          null,
          null,
          null,
          null,
          1,
          1,
          null,
          null,
          null,
          null,
          null,
          null,
          1,
          2,
          2,
          2,
          2,
          2,
          null,
          null,
          1,
          1,
          206,
          null,
          null
        ]
      },
      "/home/lakshmipriya.p/Documents/Hospital-Management/app/admin/patients.rb": {
        "lines": [
          1,
          null,
          1,
          1,
          null,
          1,
          0,
          0,
          0,
          0,
          null,
          0,
          0,
          null,
          0,
          0,
          0,
          0,
          null,
          null,
          null,
          null
        ]
      },
      "/home/lakshmipriya.p/Documents/Hospital-Management/app/models/patient.rb": {
        "lines": [
          1,
          1,
          null,
          1,
          1,
          1,
          1,
          1,
          1,
          null,
          1,
          null,
          1,
          null,
          null,
          null
        ]
      },
      "/home/lakshmipriya.p/Documents/Hospital-Management/app/admin/payments.rb": {
        "lines": [
          1,
          null,
          1,
          1,
          null,
          1,
          1,
          null,
          null,
          1,
          0,
          0,
          0,
          0,
          null,
          0,
          0,
          0,
          0,
          null,
          null,
          null,
          null
        ]
      },
      "/home/lakshmipriya.p/Documents/Hospital-Management/app/models/payment.rb": {
        "lines": [
          1,
          1,
          1,
          null,
          null,
          null,
          null,
          null,
          1,
          null,
          1,
          1,
          null,
          2,
          2,
          null,
          null,
          null,
          1,
          null,
          1,
          9,
          9,
          2,
          null,
          null,
          null,
          1,
          7,
          7,
          7,
          null,
          null
        ]
      },
      "/home/lakshmipriya.p/Documents/Hospital-Management/app/admin/users.rb": {
        "lines": [
          1,
          null,
          1,
          1,
          1,
          1,
          null,
          1,
          0,
          0,
          0,
          0,
          null,
          0,
          0,
          0,
          0,
          0,
          null,
          null,
          1,
          0,
          0,
          0,
          0,
          null,
          0,
          null,
          null
        ]
      },
      "/home/lakshmipriya.p/Documents/Hospital-Management/app/models/user.rb": {
        "lines": [
          1,
          null,
          1,
          1,
          null,
          1,
          null,
          1,
          1,
          null,
          1,
          1,
          1,
          null,
          1,
          null,
          1,
          null,
          1,
          164,
          4,
          160,
          1,
          null,
          null,
          null,
          1,
          158,
          158,
          158,
          158,
          158,
          158,
          158,
          null,
          158,
          null,
          null,
          null,
          1,
          164,
          1,
          null,
          null,
          null,
          1,
          158,
          null,
          null
        ]
      },
      "/home/lakshmipriya.p/Documents/Hospital-Management/app/controllers/appointments_controller.rb": {
        "lines": [
          1,
          1,
          1,
          1,
          1,
          null,
          1,
          2,
          null,
          null,
          1,
          2,
          2,
          2,
          2,
          2,
          null,
          2,
          1,
          null,
          1,
          null,
          null,
          null,
          1,
          null,
          null,
          1,
          2,
          1,
          1,
          null,
          1,
          null,
          null,
          null,
          1,
          null,
          1,
          4,
          null,
          null,
          1,
          0,
          0,
          null,
          0,
          0,
          0,
          0,
          0,
          0,
          null,
          0,
          null,
          null,
          null,
          1,
          4,
          4,
          1,
          null,
          null,
          null,
          1,
          1,
          1,
          null,
          null,
          null,
          1,
          1,
          1,
          null,
          null,
          null
        ]
      },
      "/home/lakshmipriya.p/Documents/Hospital-Management/app/controllers/doctors_controller.rb": {
        "lines": [
          1,
          1,
          1,
          null,
          1,
          2,
          null,
          null,
          1,
          null,
          null,
          1,
          2,
          null,
          null,
          1,
          5,
          3,
          null,
          2,
          null,
          null,
          null,
          1,
          null,
          1,
          13,
          null,
          null,
          1,
          5,
          null,
          null,
          null,
          null,
          1,
          4,
          4,
          4,
          4,
          8,
          4,
          null,
          null,
          null,
          null,
          null
        ]
      },
      "/home/lakshmipriya.p/Documents/Hospital-Management/app/controllers/patients_controller.rb": {
        "lines": [
          1,
          1,
          1,
          null,
          1,
          2,
          2,
          null,
          null,
          1,
          10,
          9,
          9,
          null,
          1,
          null,
          null,
          null,
          1,
          2,
          null,
          null,
          1,
          6,
          4,
          null,
          2,
          null,
          null,
          null,
          1,
          1,
          null,
          null,
          null,
          null,
          1,
          null,
          1,
          6,
          null,
          null,
          1,
          19,
          null,
          null,
          1,
          11,
          10,
          10,
          3,
          3,
          1,
          2,
          1,
          null,
          1,
          null,
          null,
          null,
          null,
          null
        ]
      },
      "/home/lakshmipriya.p/Documents/Hospital-Management/app/controllers/surgeries_controller.rb": {
        "lines": [
          1,
          1,
          1,
          1,
          null,
          1,
          1,
          null,
          null,
          1,
          null,
          null,
          1,
          1,
          null,
          null,
          1,
          2,
          2,
          2,
          null,
          0,
          null,
          null,
          null,
          1,
          null,
          null,
          1,
          0,
          0,
          null,
          0,
          null,
          null,
          null,
          null,
          1,
          2,
          1,
          null,
          1,
          null,
          null,
          null,
          1,
          1,
          1,
          1,
          null,
          0,
          null,
          null,
          null,
          1,
          null,
          1,
          6,
          6,
          1,
          null,
          null,
          null,
          1,
          2,
          null,
          null,
          1,
          7,
          3,
          null,
          null,
          null
        ]
      },
      "/home/lakshmipriya.p/Documents/Hospital-Management/app/controllers/users/registrations_controller.rb": {
        "lines": [
          null,
          null,
          1,
          1,
          null,
          null,
          null,
          null,
          1,
          2,
          2,
          2,
          2,
          2,
          2,
          null,
          null,
          null,
          null,
          1,
          3,
          3,
          null,
          1,
          null,
          1,
          null,
          null,
          3,
          3,
          3,
          2,
          2,
          2,
          2,
          2,
          null,
          0,
          0,
          0,
          null,
          null,
          1,
          1,
          1,
          null,
          null,
          null,
          null,
          null,
          null,
          null,
          null,
          null,
          null,
          null,
          null,
          null,
          null,
          null,
          null,
          null,
          null,
          null,
          null,
          null,
          null,
          null,
          null,
          null,
          null,
          null,
          null,
          null,
          null,
          null,
          1,
          3,
          null,
          null,
          null,
          null,
          null,
          null,
          null,
          null,
          null,
          null,
          null,
          null,
          null,
          null,
          null,
          null,
          null,
          null,
          null,
          null,
          null,
          null,
          null,
          null,
          null,
          null,
          null,
          null,
          null,
          null,
          null,
          null,
          null,
          null,
          null,
          null,
          1,
          1,
          null,
          null,
          null,
          null,
          1,
          1,
          null,
          null,
          null,
          null,
          null,
          null
        ]
      },
      "/home/lakshmipriya.p/Documents/Hospital-Management/app/models/available.rb": {
        "lines": [
          1,
          1,
          1,
          null,
          1,
          null,
          1,
          null,
          1,
          29,
          null,
          null
        ]
      },
      "/home/lakshmipriya.p/Documents/Hospital-Management/app/models/bill.rb": {
        "lines": [
          1,
          1,
          1,
          1,
          1,
          null
        ]
      },
      "/home/lakshmipriya.p/Documents/Hospital-Management/app/models/surgery.rb": {
        "lines": [
          1,
          1,
          1,
          1,
          null
        ]
      },
      "/home/lakshmipriya.p/Documents/Hospital-Management/app/models/specialization.rb": {
        "lines": [
          1,
          1,
          1,
          null
        ]
      },
      "/home/lakshmipriya.p/Documents/Hospital-Management/app/mailers/user_mailer.rb": {
        "lines": [
          1,
          1,
          null,
          1,
          0,
          0,
          0,
          null,
          null
        ]
      },
      "/home/lakshmipriya.p/Documents/Hospital-Management/app/mailers/application_mailer.rb": {
        "lines": [
          1,
          1,
          1,
          null
        ]
      },
      "/home/lakshmipriya.p/Documents/Hospital-Management/app/controllers/api/v1/base_controller.rb": {
        "lines": [
          1,
          1,
          1,
          null,
          1,
          null,
          1,
          0,
          null,
          null,
          1,
          31,
          null,
          null
        ]
      },
      "/home/lakshmipriya.p/Documents/Hospital-Management/app/controllers/api/v1/appointments_controller.rb": {
        "lines": [
          1,
          1,
          1,
          1,
          17,
          17,
          null,
          1,
          2,
          2,
          null,
          null,
          1,
          4,
          4,
          null,
          null,
          null,
          1,
          3,
          3,
          3,
          3,
          3,
          null,
          3,
          0,
          null,
          3,
          null,
          null,
          null,
          1,
          7,
          4,
          null,
          3,
          null,
          null,
          null,
          1,
          null,
          1,
          9,
          9,
          2,
          null,
          null,
          null,
          1,
          10,
          null,
          null,
          1,
          0,
          0,
          null,
          0,
          0,
          0,
          0,
          0,
          0,
          null,
          null,
          0,
          0,
          null,
          null,
          null,
          1,
          5,
          2,
          null,
          null,
          null,
          1,
          11,
          2,
          null,
          null,
          null,
          null
        ]
      },
      "/home/lakshmipriya.p/Documents/Hospital-Management/app/controllers/bills_controller.rb": {
        "lines": [
          1,
          1,
          null,
          1,
          null,
          2,
          1,
          null,
          null,
          1,
          1,
          null,
          0,
          null,
          null,
          null,
          1,
          null,
          1,
          2,
          null,
          null,
          1,
          1,
          null,
          null
        ]
      },
      "/home/lakshmipriya.p/Documents/Hospital-Management/app/controllers/api/v1/doctors_controller.rb": {
        "lines": [
          1,
          1,
          1,
          1,
          1,
          null,
          null,
          1,
          2,
          2,
          null,
          null,
          1,
          4,
          2,
          null,
          2,
          null,
          null,
          null,
          1,
          5,
          2,
          3,
          2,
          null,
          1,
          null,
          null,
          null,
          1,
          null,
          1,
          3,
          null,
          null,
          null,
          null,
          1,
          11,
          11,
          null,
          null,
          null,
          null,
          null,
          null,
          null,
          null,
          null,
          null,
          null,
          1,
          0,
          null,
          null
        ]
      },
      "/home/lakshmipriya.p/Documents/Hospital-Management/app/controllers/home_controller.rb": {
        "lines": [
          1,
          1,
          null,
          null,
          1,
          3,
          null,
          1,
          null,
          1,
          null,
          1,
          null,
          null,
          null
        ]
      },
      "/home/lakshmipriya.p/Documents/Hospital-Management/app/controllers/api/v1/patients_controller.rb": {
        "lines": [
          1,
          1,
          1,
          null,
          1,
          1,
          null,
          1,
          2,
          2,
          null,
          null,
          1,
          4,
          2,
          null,
          2,
          null,
          null,
          null,
          1,
          5,
          2,
          3,
          2,
          null,
          1,
          null,
          null,
          null,
          1,
          5,
          5,
          2,
          null,
          3,
          3,
          0,
          null,
          3,
          3,
          null,
          null,
          null,
          null,
          null,
          null,
          0,
          null,
          null,
          null,
          1,
          null,
          1,
          16,
          16,
          null,
          null,
          1,
          3,
          null,
          null,
          1,
          0,
          null,
          null
        ]
      },
      "/home/lakshmipriya.p/Documents/Hospital-Management/app/controllers/payments_controller.rb": {
        "lines": [
          1,
          1,
          1,
          null,
          1,
          1,
          1,
          null,
          null,
          1,
          null,
          null,
          1,
          2,
          2,
          null,
          2,
          1,
          null,
          1,
          1,
          null,
          null,
          null,
          null,
          1,
          null,
          1,
          3,
          3,
          0,
          null,
          null,
          null,
          1,
          0,
          null,
          null,
          1,
          2,
          null,
          null
        ]
      },
      "/home/lakshmipriya.p/Documents/Hospital-Management/app/controllers/api/v1/surgeries_controller.rb": {
        "lines": [
          1,
          1,
          1,
          1,
          null,
          1,
          1,
          1,
          null,
          null,
          1,
          1,
          0,
          null,
          1,
          null,
          null,
          null,
          1,
          2,
          1,
          null,
          null,
          1,
          null,
          1,
          1,
          null,
          0,
          null,
          null,
          null,
          1,
          2,
          1,
          1,
          null,
          1,
          null,
          null,
          null,
          1,
          0,
          0,
          null,
          null,
          null,
          1,
          null,
          1,
          4,
          null,
          null,
          1,
          1,
          null,
          null,
          null
        ]
      },
      "/home/lakshmipriya.p/Documents/Hospital-Management/app/controllers/api/v1/users_controller.rb": {
        "lines": [
          1,
          null,
          1,
          1,
          1,
          null,
          1,
          1,
          null,
          null,
          1,
          2,
          1,
          null,
          1,
          null,
          null,
          null,
          1,
          null,
          1,
          3,
          3,
          null,
          null,
          null
        ]
      },
      "/home/lakshmipriya.p/Documents/Hospital-Management/app/channels/application_cable/channel.rb": {
        "lines": [
          0,
          0,
          0,
          0
        ],
        "branches": {}
      },
      "/home/lakshmipriya.p/Documents/Hospital-Management/app/channels/application_cable/connection.rb": {
        "lines": [
          0,
          0,
          0,
          0
        ],
        "branches": {}
      },
      "/home/lakshmipriya.p/Documents/Hospital-Management/app/jobs/application_job.rb": {
        "lines": [
          0,
          null,
          null,
          null,
          null,
          null,
          0
        ],
        "branches": {}
      }
    },
    "timestamp": 1761815261
  }
}
